[2020-11-05 10:42:03.406] [exthost] [info] extension host started
[2020-11-05 10:42:03.771] [exthost] [info] ExtensionService#_doActivateExtension ms-vscode.js-debug {"startup":false,"extensionId":{"value":"ms-vscode.js-debug","_lower":"ms-vscode.js-debug"},"activationEvent":"onDebugDynamicConfigurations"}
[2020-11-05 10:42:03.772] [exthost] [info] ExtensionService#loadCommonJSModule file:///home/pc7482yh/.vscode-server/bin/d2e414d9e4239a252d1ab117bd7067f125afd80a/extensions/ms-vscode.js-debug/src/extension.js
[2020-11-05 10:42:05.929] [exthost] [info] ExtensionService#_doActivateExtension vscode.debug-auto-launch {"startup":true,"extensionId":{"value":"vscode.debug-auto-launch","_lower":"vscode.debug-auto-launch"},"activationEvent":"*"}
[2020-11-05 10:42:05.930] [exthost] [info] ExtensionService#loadCommonJSModule file:///home/pc7482yh/.vscode-server/bin/d2e414d9e4239a252d1ab117bd7067f125afd80a/extensions/debug-auto-launch/dist/extension
[2020-11-05 10:42:06.019] [exthost] [info] ExtensionService#_doActivateExtension vscode.emmet {"startup":true,"extensionId":{"value":"vscode.emmet","_lower":"vscode.emmet"},"activationEvent":"*"}
[2020-11-05 10:42:06.019] [exthost] [info] ExtensionService#loadCommonJSModule file:///home/pc7482yh/.vscode-server/bin/d2e414d9e4239a252d1ab117bd7067f125afd80a/extensions/emmet/dist/node/emmetNodeMain
[2020-11-05 10:42:06.172] [exthost] [info] ExtensionService#_doActivateExtension vscode.git {"startup":true,"extensionId":{"value":"vscode.github","_lower":"vscode.github"},"activationEvent":"*"}
[2020-11-05 10:42:06.172] [exthost] [info] ExtensionService#loadCommonJSModule file:///home/pc7482yh/.vscode-server/bin/d2e414d9e4239a252d1ab117bd7067f125afd80a/extensions/git/dist/main
[2020-11-05 10:42:06.689] [exthost] [info] ExtensionService#_doActivateExtension vscode.merge-conflict {"startup":true,"extensionId":{"value":"vscode.merge-conflict","_lower":"vscode.merge-conflict"},"activationEvent":"*"}
[2020-11-05 10:42:06.689] [exthost] [info] ExtensionService#loadCommonJSModule file:///home/pc7482yh/.vscode-server/bin/d2e414d9e4239a252d1ab117bd7067f125afd80a/extensions/merge-conflict/dist/mergeConflictMain
[2020-11-05 10:42:06.799] [exthost] [info] ExtensionService#_doActivateExtension vscode.search-result {"startup":true,"extensionId":{"value":"vscode.search-result","_lower":"vscode.search-result"},"activationEvent":"*"}
[2020-11-05 10:42:06.800] [exthost] [info] ExtensionService#loadCommonJSModule file:///home/pc7482yh/.vscode-server/bin/d2e414d9e4239a252d1ab117bd7067f125afd80a/extensions/search-result/dist/extension.js
[2020-11-05 10:42:09.682] [exthost] [info] ExtensionService#_doActivateExtension vscode.github {"startup":true,"extensionId":{"value":"vscode.github","_lower":"vscode.github"},"activationEvent":"*"}
[2020-11-05 10:42:09.683] [exthost] [info] ExtensionService#loadCommonJSModule file:///home/pc7482yh/.vscode-server/bin/d2e414d9e4239a252d1ab117bd7067f125afd80a/extensions/github/dist/extension.js
[2020-11-05 10:42:10.102] [exthost] [info] eager extensions activated
[2020-11-05 10:44:24.176] [exthost] [info] ExtensionService#_doActivateExtension vscode.html-language-features {"startup":false,"extensionId":{"value":"vscode.html-language-features","_lower":"vscode.html-language-features"},"activationEvent":"onLanguage:html"}
[2020-11-05 10:44:24.176] [exthost] [info] ExtensionService#loadCommonJSModule file:///home/pc7482yh/.vscode-server/bin/d2e414d9e4239a252d1ab117bd7067f125afd80a/extensions/html-language-features/client/dist/node/htmlClientMain
[2020-11-05 10:44:49.433] [exthost] [info] ExtensionService#_doActivateExtension vscode.extension-editing {"startup":false,"extensionId":{"value":"vscode.extension-editing","_lower":"vscode.extension-editing"},"activationEvent":"onLanguage:markdown"}
[2020-11-05 10:44:49.434] [exthost] [info] ExtensionService#loadCommonJSModule file:///home/pc7482yh/.vscode-server/bin/d2e414d9e4239a252d1ab117bd7067f125afd80a/extensions/extension-editing/dist/extensionEditingMain
[2020-11-05 10:44:49.738] [exthost] [info] ExtensionService#_doActivateExtension vscode.markdown-language-features {"startup":false,"extensionId":{"value":"vscode.markdown-language-features","_lower":"vscode.markdown-language-features"},"activationEvent":"onLanguage:markdown"}
[2020-11-05 10:44:49.738] [exthost] [info] ExtensionService#loadCommonJSModule file:///home/pc7482yh/.vscode-server/bin/d2e414d9e4239a252d1ab117bd7067f125afd80a/extensions/markdown-language-features/dist/extension
