[2020-11-16 16:54:58.457] [exthost] [info] extension host started
[2020-11-16 16:54:58.740] [exthost] [info] ExtensionService#_doActivateExtension ms-vscode.js-debug {"startup":false,"extensionId":{"value":"ms-vscode.js-debug","_lower":"ms-vscode.js-debug"},"activationEvent":"onDebugDynamicConfigurations"}
[2020-11-16 16:54:58.741] [exthost] [info] ExtensionService#loadCommonJSModule file:///home/pc7482yh/.vscode-server/bin/d2e414d9e4239a252d1ab117bd7067f125afd80a/extensions/ms-vscode.js-debug/src/extension.js
[2020-11-16 16:55:00.630] [exthost] [info] ExtensionService#_doActivateExtension vscode.debug-auto-launch {"startup":true,"extensionId":{"value":"vscode.debug-auto-launch","_lower":"vscode.debug-auto-launch"},"activationEvent":"*"}
[2020-11-16 16:55:00.630] [exthost] [info] ExtensionService#loadCommonJSModule file:///home/pc7482yh/.vscode-server/bin/d2e414d9e4239a252d1ab117bd7067f125afd80a/extensions/debug-auto-launch/dist/extension
[2020-11-16 16:55:00.725] [exthost] [info] ExtensionService#_doActivateExtension vscode.emmet {"startup":true,"extensionId":{"value":"vscode.emmet","_lower":"vscode.emmet"},"activationEvent":"*"}
[2020-11-16 16:55:00.725] [exthost] [info] ExtensionService#loadCommonJSModule file:///home/pc7482yh/.vscode-server/bin/d2e414d9e4239a252d1ab117bd7067f125afd80a/extensions/emmet/dist/node/emmetNodeMain
[2020-11-16 16:55:00.921] [exthost] [info] ExtensionService#_doActivateExtension vscode.git {"startup":true,"extensionId":{"value":"vscode.github","_lower":"vscode.github"},"activationEvent":"*"}
[2020-11-16 16:55:00.921] [exthost] [info] ExtensionService#loadCommonJSModule file:///home/pc7482yh/.vscode-server/bin/d2e414d9e4239a252d1ab117bd7067f125afd80a/extensions/git/dist/main
[2020-11-16 16:55:01.565] [exthost] [info] ExtensionService#_doActivateExtension vscode.merge-conflict {"startup":true,"extensionId":{"value":"vscode.merge-conflict","_lower":"vscode.merge-conflict"},"activationEvent":"*"}
[2020-11-16 16:55:01.565] [exthost] [info] ExtensionService#loadCommonJSModule file:///home/pc7482yh/.vscode-server/bin/d2e414d9e4239a252d1ab117bd7067f125afd80a/extensions/merge-conflict/dist/mergeConflictMain
[2020-11-16 16:55:01.655] [exthost] [info] ExtensionService#_doActivateExtension vscode.search-result {"startup":true,"extensionId":{"value":"vscode.search-result","_lower":"vscode.search-result"},"activationEvent":"*"}
[2020-11-16 16:55:01.655] [exthost] [info] ExtensionService#loadCommonJSModule file:///home/pc7482yh/.vscode-server/bin/d2e414d9e4239a252d1ab117bd7067f125afd80a/extensions/search-result/dist/extension.js
[2020-11-16 16:55:05.057] [exthost] [info] ExtensionService#_doActivateExtension vscode.github {"startup":true,"extensionId":{"value":"vscode.github","_lower":"vscode.github"},"activationEvent":"*"}
[2020-11-16 16:55:05.058] [exthost] [info] ExtensionService#loadCommonJSModule file:///home/pc7482yh/.vscode-server/bin/d2e414d9e4239a252d1ab117bd7067f125afd80a/extensions/github/dist/extension.js
[2020-11-16 16:55:05.524] [exthost] [info] eager extensions activated
[2020-11-16 17:22:43.098] [exthost] [info] ExtensionService#_doActivateExtension ms-toolsai.jupyter {"startup":false,"extensionId":{"value":"ms-toolsai.jupyter","_lower":"ms-toolsai.jupyter"},"activationEvent":"onLanguage:jupyter"}
[2020-11-16 17:22:43.099] [exthost] [info] ExtensionService#loadCommonJSModule file:///home/pc7482yh/.vscode-server/extensions/ms-toolsai.jupyter-2020.11.358541065/out/client/extension
[2020-11-16 17:22:46.638] [exthost] [info] ExtensionService#_doActivateExtension ms-python.python {"startup":false,"extensionId":{"value":"ms-toolsai.jupyter","_lower":"ms-toolsai.jupyter"},"activationEvent":"api"}
[2020-11-16 17:22:46.638] [exthost] [info] ExtensionService#loadCommonJSModule file:///home/pc7482yh/.vscode-server/extensions/ms-python.python-2020.11.358366026/out/client/extension
