Looking for git in: git
Using git 2.17.1 from git
> git rev-parse --git-dir
Open repository: /home/pc7482yh/.pyenv
> git status -z -u
> git check-ignore -v -z --stdin
> git symbolic-ref --short HEAD
> git rev-parse master
> git rev-parse --symbolic-full-name master@{u}
> git rev-list --left-right master...refs/remotes/origin/master
> git for-each-ref --sort -committerdate --format %(refname) %(objectname)
> git remote --verbose
Warning: Failed to watch ref '/home/pc7482yh/.pyenv/.git/refs/remotes/origin/master', is most likely packed.
> git config --get commit.template
> git rev-parse --git-dir
Open repository: /home/pc7482yh/module1_lectures
> git status -z -u
> git symbolic-ref --short HEAD
> git rev-parse master
> git rev-parse --symbolic-full-name master@{u}
> git rev-list --left-right master...refs/remotes/origin/master
> git for-each-ref --sort -committerdate --format %(refname) %(objectname)
> git remote --verbose
> git check-ignore -v -z --stdin
> git check-ignore -v -z --stdin
Warning: Failed to watch ref '/home/pc7482yh/module1_lectures/.git/refs/remotes/origin/master', is most likely packed.
> git config --get commit.template
> git rev-parse --git-dir
Open repository: /home/pc7482yh/module_4_lectures
> git status -z -u
> git check-ignore -v -z --stdin
> git check-ignore -v -z --stdin
> git check-ignore -v -z --stdin
> git symbolic-ref --short HEAD
> git rev-parse master
> git rev-parse --symbolic-full-name master@{u}
> git rev-list --left-right master...refs/remotes/origin/master
> git for-each-ref --sort -committerdate --format %(refname) %(objectname)
> git remote --verbose
> git config --get commit.template
> git rev-parse --git-dir
Open repository: /home/pc7482yh/module_4_lectures_my_work
> git status -z -u
> git symbolic-ref --short HEAD
> git rev-parse master
> git rev-parse --symbolic-full-name master@{u}
> git rev-list --left-right master...refs/remotes/SamBroberg/module_4_lectures_my_work/master
> git for-each-ref --sort -committerdate --format %(refname) %(objectname)
> git remote --verbose
> git config --get commit.template
> git rev-parse --git-dir
> git check-ignore -v -z --stdin
> git check-ignore -v -z --stdin
> git check-ignore -v -z --stdin
> git check-ignore -v -z --stdin
Open repository: /home/pc7482yh/module_5_lectures
> git status -z -u
> git symbolic-ref --short HEAD
> git rev-parse main
> git rev-parse --symbolic-full-name main@{u}
> git rev-list --left-right main...refs/remotes/origin/main
> git for-each-ref --sort -committerdate --format %(refname) %(objectname)
> git remote --verbose
> git check-ignore -v -z --stdin
> git check-ignore -v -z --stdin
> git check-ignore -v -z --stdin
> git check-ignore -v -z --stdin
> git check-ignore -v -z --stdin
> git config --get commit.template
> git rev-parse --git-dir
Open repository: /home/pc7482yh/my_site
> git status -z -u
> git symbolic-ref --short HEAD
> git rev-parse master
> git rev-parse --symbolic-full-name master@{u}
> git rev-list --left-right master...refs/remotes/origin/master
> git for-each-ref --sort -committerdate --format %(refname) %(objectname)
> git remote --verbose
> git config --get commit.template
> git check-ignore -v -z --stdin
> git check-ignore -v -z --stdin
> git check-ignore -v -z --stdin
> git check-ignore -v -z --stdin
> git check-ignore -v -z --stdin
> git check-ignore -v -z --stdin
> git check-ignore -v -z --stdin
> git status -z -u
> git symbolic-ref --short HEAD
> git rev-parse master
> git rev-parse --symbolic-full-name master@{u}
> git rev-list --left-right master...refs/remotes/origin/master
> git for-each-ref --sort -committerdate --format %(refname) %(objectname)
> git remote --verbose
Warning: Failed to watch ref '/home/pc7482yh/.pyenv/.git/refs/remotes/origin/master', is most likely packed.
> git config --get commit.template
> git check-ignore -v -z --stdin
> git check-ignore -v -z --stdin
> git log --format=%H%n%aN%n%aE%n%at%n%ct%n%P%n%B -z -n21 -- /home/pc7482yh/module_4_lectures/lecture_4_2_folding_data_with_the_accumulator_pattern.ipynb
> git show --textconv :lecture_4_2_folding_data_with_the_accumulator_pattern.ipynb
> git ls-files --stage -- /home/pc7482yh/module_4_lectures/lecture_4_2_folding_data_with_the_accumulator_pattern.ipynb
> git cat-file -s 303b18c0b08c415bd2657738b530baf5c5279af4
> git log --format=%H%n%aN%n%aE%n%at%n%ct%n%P%n%B -z -n21 -- /home/pc7482yh/module_4_lectures/lecture_4_2_folding_data_with_the_accumulator_pattern.ipynb
> git log --format=%H%n%aN%n%aE%n%at%n%ct%n%P%n%B -z -n41 -- /home/pc7482yh/module_4_lectures/lecture_4_2_folding_data_with_the_accumulator_pattern.ipynb
> git show --textconv :lecture_4_2_folding_data_with_the_accumulator_pattern.ipynb
> git ls-files --stage -- /home/pc7482yh/module_4_lectures/lecture_4_2_folding_data_with_the_accumulator_pattern.ipynb
> git cat-file -s 303b18c0b08c415bd2657738b530baf5c5279af4
> git log --format=%H%n%aN%n%aE%n%at%n%ct%n%P%n%B -z -n21 -- /home/pc7482yh/module_4_lectures/lecture_4_4_cleaning_messy_text_files_part_1.ipynb
> git show --textconv :lecture_4_4_cleaning_messy_text_files_part_1.ipynb
> git ls-files --stage -- /home/pc7482yh/module_4_lectures/lecture_4_4_cleaning_messy_text_files_part_1.ipynb
> git cat-file -s 5b050579ae9721d85493fdd960b33445dda26a17
> git log --format=%H%n%aN%n%aE%n%at%n%ct%n%P%n%B -z -n21 -- /home/pc7482yh/module_4_lectures/lecture_4_6_cleaning_messy_text_files_part_2.ipynb
> git show --textconv :lecture_4_6_cleaning_messy_text_files_part_2.ipynb
> git ls-files --stage -- /home/pc7482yh/module_4_lectures/lecture_4_6_cleaning_messy_text_files_part_2.ipynb
> git cat-file -s 24b000c1eb7b5e2b7dca14bd3725ab5f9b839d88
> git log --format=%H%n%aN%n%aE%n%at%n%ct%n%P%n%B -z -n21 -- /home/pc7482yh/module_4_lectures/lecture_4_5_abstracting_list_comprehension_patterns.ipynb
> git show --textconv :lecture_4_5_abstracting_list_comprehension_patterns.ipynb
> git ls-files --stage -- /home/pc7482yh/module_4_lectures/lecture_4_5_abstracting_list_comprehension_patterns.ipynb
> git cat-file -s 3c0947814d6bc6ac3649adf345137ed6c4d3c3d0
